<?xml version="1.0" encoding="UTF-8"?>
<testng-results skipped="1" failed="1" ignored="1" total="3" passed="0">
  <reporter-output>
  </reporter-output>
  <suite name="Default suite" duration-ms="4636" started-at="2019-06-07T01:30:53Z" finished-at="2019-06-07T01:30:58Z">
    <groups>
    </groups>
    <test name="Default test" duration-ms="4636" started-at="2019-06-07T01:30:53Z" finished-at="2019-06-07T01:30:58Z">
      <class name="tests.UserRegisterarionWithDDTAndDataProvider">
        <test-method status="PASS" signature="startDriver(java.lang.String)[pri:0, instance:tests.UserRegisterarionWithDDTAndDataProvider@724af044]" name="startDriver" is-config="true" duration-ms="6066" started-at="2019-06-07T03:30:47Z" finished-at="2019-06-07T03:30:53Z">
          <params>
            <param index="0">
              <value>
                <![CDATA[chrome]]>
              </value>
            </param>
          </params>
          <reporter-output>
          </reporter-output>
        </test-method> <!-- startDriver -->
        <test-method status="FAIL" signature="UserCanRegisterSuccessfully()[pri:1, instance:tests.UserRegisterarionWithDDTAndDataProvider@724af044]" name="UserCanRegisterSuccessfully" duration-ms="4427" started-at="2019-06-07T03:30:53Z" finished-at="2019-06-07T03:30:58Z">
          <exception class="java.lang.IllegalArgumentException">
            <message>
              <![CDATA[Keys to send should be a not null CharSequence]]>
            </message>
            <full-stacktrace>
              <![CDATA[java.lang.IllegalArgumentException: Keys to send should be a not null CharSequenceat org.openqa.selenium.remote.RemoteWebElement.sendKeys(RemoteWebElement.java:97)at sun.reflect.NativeMethodAccessorImpl.invoke0(Native Method)at sun.reflect.NativeMethodAccessorImpl.invoke(NativeMethodAccessorImpl.java:62)at sun.reflect.DelegatingMethodAccessorImpl.invoke(DelegatingMethodAccessorImpl.java:43)at java.lang.reflect.Method.invoke(Method.java:498)at org.openqa.selenium.support.pagefactory.internal.LocatingElementHandler.invoke(LocatingElementHandler.java:51)at com.sun.proxy.$Proxy12.sendKeys(Unknown Source)at Pages.PageBase.setTextElementText(PageBase.java:23)at Pages.UserRegisterationPage.userRegisteration(UserRegisterationPage.java:43)at tests.UserRegisterarionWithDDTAndDataProvider.UserCanRegisterSuccessfully(UserRegisterarionWithDDTAndDataProvider.java:40)at sun.reflect.NativeMethodAccessorImpl.invoke0(Native Method)at sun.reflect.NativeMethodAccessorImpl.invoke(NativeMethodAccessorImpl.java:62)at sun.reflect.DelegatingMethodAccessorImpl.invoke(DelegatingMethodAccessorImpl.java:43)at java.lang.reflect.Method.invoke(Method.java:498)at org.testng.internal.MethodInvocationHelper.invokeMethod(MethodInvocationHelper.java:124)at org.testng.internal.Invoker.invokeMethod(Invoker.java:571)at org.testng.internal.Invoker.invokeTestMethod(Invoker.java:707)at org.testng.internal.Invoker.invokeTestMethods(Invoker.java:979)at org.testng.internal.TestMethodWorker.invokeTestMethods(TestMethodWorker.java:125)at org.testng.internal.TestMethodWorker.run(TestMethodWorker.java:109)at org.testng.TestRunner.privateRun(TestRunner.java:648)at org.testng.TestRunner.run(TestRunner.java:505)at org.testng.SuiteRunner.runTest(SuiteRunner.java:455)at org.testng.SuiteRunner.runSequentially(SuiteRunner.java:450)at org.testng.SuiteRunner.privateRun(SuiteRunner.java:415)at org.testng.SuiteRunner.run(SuiteRunner.java:364)at org.testng.SuiteRunnerWorker.runSuite(SuiteRunnerWorker.java:52)at org.testng.SuiteRunnerWorker.run(SuiteRunnerWorker.java:84)at org.testng.TestNG.runSuitesSequentially(TestNG.java:1187)at org.testng.TestNG.runSuitesLocally(TestNG.java:1116)at org.testng.TestNG.runSuites(TestNG.java:1028)at org.testng.TestNG.run(TestNG.java:996)at org.testng.remote.AbstractRemoteTestNG.run(AbstractRemoteTestNG.java:115)at org.testng.remote.RemoteTestNG.initAndRun(RemoteTestNG.java:251)at org.testng.remote.RemoteTestNG.main(RemoteTestNG.java:77)]]>
            </full-stacktrace>
          </exception> <!-- java.lang.IllegalArgumentException -->
          <reporter-output>
          </reporter-output>
        </test-method> <!-- UserCanRegisterSuccessfully -->
        <test-method status="PASS" signature="screenshoOnFailure(org.testng.ITestResult)[pri:0, instance:tests.UserRegisterarionWithDDTAndDataProvider@724af044]" name="screenshoOnFailure" is-config="true" duration-ms="180" started-at="2019-06-07T03:30:58Z" finished-at="2019-06-07T03:30:58Z">
          <params>
            <param index="0">
              <value>
                <![CDATA[[TestResult name=UserCanRegisterSuccessfully status=FAILURE method=UserRegisterarionWithDDTAndDataProvider.UserCanRegisterSuccessfully()[pri:1, instance:tests.UserRegisterarionWithDDTAndDataProvider@724af044] output={null}]]]>
              </value>
            </param>
          </params>
          <reporter-output>
          </reporter-output>
        </test-method> <!-- screenshoOnFailure -->
        <test-method status="SKIP" signature="RegisteredUserCanLogout()[pri:2, instance:tests.UserRegisterarionWithDDTAndDataProvider@724af044]" name="RegisteredUserCanLogout" duration-ms="0" started-at="2019-06-07T03:30:58Z" depends-on-methods="tests.UserRegisterarionWithDDTAndDataProvider.UserCanRegisterSuccessfully" finished-at="2019-06-07T03:30:58Z">
          <exception class="java.lang.Throwable">
            <message>
              <![CDATA[Method UserRegisterarionWithDDTAndDataProvider.RegisteredUserCanLogout()[pri:2, instance:tests.UserRegisterarionWithDDTAndDataProvider@724af044] depends on not successfully finished methods]]>
            </message>
            <full-stacktrace>
              <![CDATA[java.lang.Throwable: Method UserRegisterarionWithDDTAndDataProvider.RegisteredUserCanLogout()[pri:2, instance:tests.UserRegisterarionWithDDTAndDataProvider@724af044] depends on not successfully finished methodsat org.testng.internal.Invoker.invokeTestMethods(Invoker.java:878)at org.testng.internal.TestMethodWorker.invokeTestMethods(TestMethodWorker.java:125)at org.testng.internal.TestMethodWorker.run(TestMethodWorker.java:109)at org.testng.TestRunner.privateRun(TestRunner.java:648)at org.testng.TestRunner.run(TestRunner.java:505)at org.testng.SuiteRunner.runTest(SuiteRunner.java:455)at org.testng.SuiteRunner.runSequentially(SuiteRunner.java:450)at org.testng.SuiteRunner.privateRun(SuiteRunner.java:415)at org.testng.SuiteRunner.run(SuiteRunner.java:364)at org.testng.SuiteRunnerWorker.runSuite(SuiteRunnerWorker.java:52)at org.testng.SuiteRunnerWorker.run(SuiteRunnerWorker.java:84)at org.testng.TestNG.runSuitesSequentially(TestNG.java:1187)at org.testng.TestNG.runSuitesLocally(TestNG.java:1116)at org.testng.TestNG.runSuites(TestNG.java:1028)at org.testng.TestNG.run(TestNG.java:996)at org.testng.remote.AbstractRemoteTestNG.run(AbstractRemoteTestNG.java:115)at org.testng.remote.RemoteTestNG.initAndRun(RemoteTestNG.java:251)at org.testng.remote.RemoteTestNG.main(RemoteTestNG.java:77)]]>
            </full-stacktrace>
          </exception> <!-- java.lang.Throwable -->
          <reporter-output>
          </reporter-output>
        </test-method> <!-- RegisteredUserCanLogout -->
        <test-method status="PASS" signature="stopDriver()[pri:0, instance:tests.UserRegisterarionWithDDTAndDataProvider@724af044]" name="stopDriver" is-config="true" duration-ms="90" started-at="2019-06-07T03:30:58Z" finished-at="2019-06-07T03:30:58Z">
          <reporter-output>
          </reporter-output>
        </test-method> <!-- stopDriver -->
      </class> <!-- tests.UserRegisterarionWithDDTAndDataProvider -->
    </test> <!-- Default test -->
  </suite> <!-- Default suite -->
</testng-results>
